2021-02-19 21:01:50 [httpLog] {"method":"GET","url":"/","data":{},"startTime":"2021-02-19 21:01:50","endTime":"2021-02-19 21:01:50","timeLength":6}
2021-02-19 21:01:54 [httpLog] {"method":"GET","url":"/","data":{},"startTime":"2021-02-19 21:01:54","endTime":"2021-02-19 21:01:54","timeLength":1}
2021-02-19 21:09:11 [httpLog] {"method":"GET","url":"/","data":{},"startTime":"2021-02-19 21:09:11","endTime":"2021-02-19 21:09:11","timeLength":5}
2021-02-19 21:10:58 [httpLog] {"method":"GET","url":"/user","data":{},"startTime":"2021-02-19 21:10:58","endTime":"2021-02-19 21:10:58","timeLength":15}
2021-02-19 21:11:09 [httpLog] {"method":"GET","url":"/user","data":{},"startTime":"2021-02-19 21:11:09","endTime":"2021-02-19 21:11:09","timeLength":16}
2021-02-19 21:15:45 [httpLog] {"method":"GET","url":"/","data":{},"startTime":"2021-02-19 21:15:45","endTime":"2021-02-19 21:15:45","timeLength":4}
2021-02-19 21:16:00 [httpLog] {"method":"GET","url":"/user","data":{},"startTime":"2021-02-19 21:16:00","endTime":"2021-02-19 21:16:00","timeLength":22}
2021-02-19 21:21:41 [httpLog] {"method":"GET","url":"/","data":{},"startTime":"2021-02-19 21:21:41","endTime":"2021-02-19 21:21:41","timeLength":1}
2021-02-19 21:21:43 [httpLog] {"method":"GET","url":"/","data":{},"startTime":"2021-02-19 21:21:43","endTime":"2021-02-19 21:21:43","timeLength":0}
2021-02-19 21:21:57 [httpLog] {"method":"GET","url":"/","data":{},"startTime":"2021-02-19 21:21:57","endTime":"2021-02-19 21:21:57","timeLength":1}
2021-02-19 21:21:57 [httpLog] {"method":"GET","url":"/","data":{},"startTime":"2021-02-19 21:21:57","endTime":"2021-02-19 21:21:57","timeLength":1}
2021-02-19 21:21:57 [httpLog] {"method":"GET","url":"/","data":{},"startTime":"2021-02-19 21:21:57","endTime":"2021-02-19 21:21:57","timeLength":0}
2021-02-19 21:22:02 [httpLog] {"method":"GET","url":"/user","data":{},"startTime":"2021-02-19 21:22:02","endTime":"2021-02-19 21:22:02","timeLength":3}
2021-02-19 21:22:10 [httpLog] {"method":"GET","url":"/user/list","data":{},"startTime":"2021-02-19 21:22:10","endTime":"2021-02-19 21:22:10","timeLength":0}
2021-02-19 21:23:30 [httpLog] {"method":"GET","url":"/user/lists","data":{},"startTime":"2021-02-19 21:23:30","endTime":"2021-02-19 21:23:30","timeLength":5}
2021-02-19 21:23:34 [httpLog] {"method":"GET","url":"/user/lists","data":{},"startTime":"2021-02-19 21:23:34","endTime":"2021-02-19 21:23:34","timeLength":3}
2021-02-19 21:23:38 [httpLog] {"method":"GET","url":"/captcha","data":{},"startTime":"2021-02-19 21:23:38","endTime":"2021-02-19 21:23:38","timeLength":0}
2021-02-19 21:23:42 [httpLog] {"method":"GET","url":"/user","data":{},"startTime":"2021-02-19 21:23:42","endTime":"2021-02-19 21:23:42","timeLength":9}
2021-02-19 21:23:48 [httpLog] {"method":"GET","url":"/user/lists","data":{},"startTime":"2021-02-19 21:23:48","endTime":"2021-02-19 21:23:48","timeLength":1}
2021-02-19 21:24:01 [httpLog] {"method":"GET","url":"/user/lists","data":{},"startTime":"2021-02-19 21:24:01","endTime":"2021-02-19 21:24:01","timeLength":4}
2021-02-19 21:24:20 [httpLog] {"method":"GET","url":"/user","data":{},"startTime":"2021-02-19 21:24:20","endTime":"2021-02-19 21:24:20","timeLength":31}
2021-02-19 21:24:25 [httpLog] {"method":"GET","url":"/user/lists","data":{},"startTime":"2021-02-19 21:24:25","endTime":"2021-02-19 21:24:25","timeLength":5}
2021-02-19 21:25:14 [httpLog] {"method":"GET","url":"/user","data":{},"startTime":"2021-02-19 21:25:14","endTime":"2021-02-19 21:25:14","timeLength":18}
2021-02-19 21:25:19 [httpLog] {"method":"GET","url":"/user/lists","data":{},"startTime":"2021-02-19 21:25:19","endTime":"2021-02-19 21:25:19","timeLength":5}
2021-02-19 21:26:05 [httpLog] {"method":"GET","url":"/user/lists","data":{},"startTime":"2021-02-19 21:26:05","endTime":"2021-02-19 21:26:05","timeLength":6}
2021-02-19 21:26:07 [httpLog] {"method":"GET","url":"/user/lists","data":{},"startTime":"2021-02-19 21:26:07","endTime":"2021-02-19 21:26:07","timeLength":2}
2021-02-19 21:26:11 [httpLog] {"method":"GET","url":"/user/lists","data":{},"startTime":"2021-02-19 21:26:11","endTime":"2021-02-19 21:26:11","timeLength":4}
2021-02-19 21:28:33 [httpLog] {"method":"GET","url":"/user/lists","data":{},"startTime":"2021-02-19 21:28:33","endTime":"2021-02-19 21:28:33","timeLength":7}
2021-02-19 21:29:03 [httpLog] {"method":"GET","url":"/user/lists","data":{},"startTime":"2021-02-19 21:29:03","endTime":"2021-02-19 21:29:03","timeLength":5}
2021-02-19 21:29:16 [httpLog] {"method":"GET","url":"/user/lists","data":{},"startTime":"2021-02-19 21:29:16","endTime":"2021-02-19 21:29:16","timeLength":6}
2021-02-19 21:30:43 [httpLog] {"method":"GET","url":"/user/lists","data":{},"startTime":"2021-02-19 21:30:43","endTime":"2021-02-19 21:30:43","timeLength":5}
2021-02-19 21:31:34 [httpLog] {"method":"GET","url":"/user/lists","data":{},"startTime":"2021-02-19 21:31:34","endTime":"2021-02-19 21:31:34","timeLength":7}
2021-02-19 21:32:20 [httpLog] {"method":"GET","url":"/user/lists","data":{},"startTime":"2021-02-19 21:32:20","endTime":"2021-02-19 21:32:20","timeLength":7}
2021-02-19 21:33:18 [httpLog] {"method":"GET","url":"/user/lists","data":{},"startTime":"2021-02-19 21:33:18","endTime":"2021-02-19 21:33:18","timeLength":46}
2021-02-19 21:41:09 [httpLog] {"method":"GET","url":"/user/lists","data":{},"startTime":"2021-02-19 21:41:09","endTime":"2021-02-19 21:41:09","timeLength":8}
2021-02-19 21:44:29 [httpLog] {"method":"GET","url":"/user/detail1","data":{},"startTime":"2021-02-19 21:44:29","endTime":"2021-02-19 21:44:29","timeLength":1}
2021-02-19 21:44:37 [httpLog] {"method":"GET","url":"/user/detail2/1","data":{},"startTime":"2021-02-19 21:44:37","endTime":"2021-02-19 21:44:37","timeLength":18}
2021-02-19 21:55:35 [httpLog] {"method":"POST","url":"/user/add","data":{"name":"user3","pwd":"123456"},"startTime":"2021-02-19 21:55:35","endTime":"2021-02-19 21:55:35","timeLength":102}
2021-02-19 21:56:52 [httpLog] {"method":"GET","url":"/lists","data":{},"startTime":"2021-02-19 21:56:52","endTime":"2021-02-19 21:56:52","timeLength":1}
2021-02-19 21:56:59 [httpLog] {"method":"GET","url":"/user/lists","data":{},"startTime":"2021-02-19 21:56:59","endTime":"2021-02-19 21:56:59","timeLength":6}
2021-02-19 22:00:23 [httpLog] {"method":"GET","url":"/user/edit","data":{},"startTime":"2021-02-19 22:00:23","endTime":"2021-02-19 22:00:23","timeLength":4}
2021-02-19 22:00:59 [httpLog] {"method":"GET","url":"/user/edit","data":{"id":1,"name":"lijinhai"},"startTime":"2021-02-19 22:00:59","endTime":"2021-02-19 22:00:59","timeLength":0}
2021-02-19 22:02:10 [httpLog] {"method":"GET","url":"/user/edit","data":{"id":1,"name":"user1","pwd":"ljinhai123456"},"startTime":"2021-02-19 22:02:10","endTime":"2021-02-19 22:02:10","timeLength":0}
2021-02-19 22:02:35 [httpLog] {"method":"GET","url":"/user/lists","data":{},"startTime":"2021-02-19 22:02:35","endTime":"2021-02-19 22:02:35","timeLength":8}
2021-02-19 22:05:35 [httpLog] {"method":"GET","url":"/user/edit","data":{"id":1,"name":"user1","pwd":"ljinhai123456"},"startTime":"2021-02-19 22:05:35","endTime":"2021-02-19 22:05:35","timeLength":2}
2021-02-19 22:06:17 [httpLog] {"method":"GET","url":"/user/edit","data":{"id":1,"name":"user1","pwd":"ljinhai123456"},"startTime":"2021-02-19 22:06:17","endTime":"2021-02-19 22:06:17","timeLength":1}
2021-02-19 22:06:17 [httpLog] {"method":"GET","url":"/user/edit","data":{"id":1,"name":"user1","pwd":"ljinhai123456"},"startTime":"2021-02-19 22:06:17","endTime":"2021-02-19 22:06:17","timeLength":0}
2021-02-19 22:07:20 [httpLog] {"method":"GET","url":"/user/edit","data":{"id":1,"name":"user1","pwd":"ljinhai123456"},"startTime":"2021-02-19 22:07:20","endTime":"2021-02-19 22:07:20","timeLength":3}
2021-02-19 22:07:32 [httpLog] {"method":"GET","url":"/user/edit","data":{"id":1,"name":"user1","pwd":"ljinhai123456"},"startTime":"2021-02-19 22:07:32","endTime":"2021-02-19 22:07:32","timeLength":2}
2021-02-19 22:08:29 [httpLog] {"method":"GET","url":"/user/edit","data":{"id":1,"name":"user1","pwd":"ljinhai123456"},"startTime":"2021-02-19 22:08:29","endTime":"2021-02-19 22:08:29","timeLength":2}
2021-02-19 22:08:38 [httpLog] {"method":"GET","url":"/user/edit","data":{"id":1,"name":"user1","pwd":"ljinhai123456"},"startTime":"2021-02-19 22:08:38","endTime":"2021-02-19 22:08:38","timeLength":8}
2021-02-19 22:10:25 [httpLog] {"method":"GET","url":"/user/edit","data":{"id":1,"name":"user1","pwd":"ljinhai123456"},"startTime":"2021-02-19 22:10:25","endTime":"2021-02-19 22:10:25","timeLength":0}
2021-02-19 22:10:26 [httpLog] {"method":"GET","url":"/user/edit","data":{"id":1,"name":"user1","pwd":"ljinhai123456"},"startTime":"2021-02-19 22:10:26","endTime":"2021-02-19 22:10:26","timeLength":2}
2021-02-19 22:10:44 [httpLog] {"method":"GET","url":"/user/edit","data":{},"startTime":"2021-02-19 22:10:44","endTime":"2021-02-19 22:10:44","timeLength":0}
2021-02-19 22:10:46 [httpLog] {"method":"GET","url":"/user/edit","data":{},"startTime":"2021-02-19 22:10:46","endTime":"2021-02-19 22:10:46","timeLength":0}
2021-02-19 22:11:01 [httpLog] {"method":"GET","url":"/user/add","data":{},"startTime":"2021-02-19 22:11:01","endTime":"2021-02-19 22:11:01","timeLength":0}
2021-02-19 22:11:18 [httpLog] {"method":"GET","url":"/user/edit","data":{"id":1,"name":"user1","pwd":"ljinhai123456"},"startTime":"2021-02-19 22:11:18","endTime":"2021-02-19 22:11:18","timeLength":1}
2021-02-19 22:11:21 [httpLog] {"method":"POST","url":"/user/add","data":{"name":"user3","pwd":"123456"},"startTime":"2021-02-19 22:11:21","endTime":"2021-02-19 22:11:21","timeLength":24}
2021-02-19 22:11:48 [httpLog] {"method":"GET","url":"/user/lists","data":{},"startTime":"2021-02-19 22:11:48","endTime":"2021-02-19 22:11:48","timeLength":6}
2021-02-19 22:11:49 [httpLog] {"method":"GET","url":"/user/lists","data":{},"startTime":"2021-02-19 22:11:49","endTime":"2021-02-19 22:11:49","timeLength":4}
2021-02-19 22:11:50 [httpLog] {"method":"GET","url":"/user/lists","data":{},"startTime":"2021-02-19 22:11:50","endTime":"2021-02-19 22:11:50","timeLength":3}
2021-02-19 22:12:38 [httpLog] {"method":"GET","url":"/user/edit","data":{"id":1,"name":"user1","pwd":"123"},"startTime":"2021-02-19 22:12:38","endTime":"2021-02-19 22:12:38","timeLength":0}
2021-02-19 22:15:51 [httpLog] {"method":"GET","url":"/user/edit","data":{"id":1,"name":"user1","pwd":"123"},"startTime":"2021-02-19 22:15:51","endTime":"2021-02-19 22:15:51","timeLength":1}
2021-02-19 22:16:50 [httpLog] {"method":"GET","url":"/user/edit","data":{"id":1,"name":"user1","pwd":"123"},"startTime":"2021-02-19 22:16:50","endTime":"2021-02-19 22:16:50","timeLength":2}
2021-02-19 22:18:45 [httpLog] {"method":"PUT","url":"/user/edit","data":{"id":1,"name":"user1","pwd":"123"},"startTime":"2021-02-19 22:18:45","endTime":"2021-02-19 22:18:45","timeLength":45}
2021-02-19 22:18:53 [httpLog] {"method":"PUT","url":"/user/edit","data":{"id":1,"name":"user1","pwd":"lijinhai123"},"startTime":"2021-02-19 22:18:53","endTime":"2021-02-19 22:18:53","timeLength":16}
2021-02-19 22:18:58 [httpLog] {"method":"PUT","url":"/user/edit","data":{"id":1,"name":"user1","pwd":"lijinhai123"},"startTime":"2021-02-19 22:18:58","endTime":"2021-02-19 22:18:58","timeLength":3}
2021-02-19 22:19:03 [httpLog] {"method":"GET","url":"/user/lists","data":{},"startTime":"2021-02-19 22:19:03","endTime":"2021-02-19 22:19:03","timeLength":5}
2021-02-19 22:23:39 [httpLog] {"method":"DELETE","url":"/user/del","data":{},"startTime":"2021-02-19 22:23:39","endTime":"2021-02-19 22:23:39","timeLength":17}
2021-02-22 13:32:29 [httpLog] {"method":"GET","url":"/","data":{},"startTime":"2021-02-22 13:32:29","endTime":"2021-02-22 13:32:29","timeLength":2}
2021-02-22 13:32:37 [httpLog] {"method":"GET","url":"/user/list","data":{},"startTime":"2021-02-22 13:32:37","endTime":"2021-02-22 13:32:37","timeLength":1}
2021-02-22 13:32:40 [httpLog] {"method":"GET","url":"/user","data":{},"startTime":"2021-02-22 13:32:40","endTime":"2021-02-22 13:32:40","timeLength":15}
2021-02-22 13:33:58 [httpLog] {"method":"GET","url":"/user","data":{},"startTime":"2021-02-22 13:33:58","endTime":"2021-02-22 13:33:58","timeLength":14}
2021-02-22 13:33:59 [httpLog] {"method":"GET","url":"/user","data":{},"startTime":"2021-02-22 13:33:59","endTime":"2021-02-22 13:33:59","timeLength":3}
2021-02-22 13:33:59 [httpLog] {"method":"GET","url":"/user","data":{},"startTime":"2021-02-22 13:33:59","endTime":"2021-02-22 13:33:59","timeLength":1}
2021-02-22 13:34:00 [httpLog] {"method":"GET","url":"/user","data":{},"startTime":"2021-02-22 13:34:00","endTime":"2021-02-22 13:34:00","timeLength":1}
2021-02-22 13:34:00 [httpLog] {"method":"GET","url":"/user","data":{},"startTime":"2021-02-22 13:34:00","endTime":"2021-02-22 13:34:00","timeLength":1}
2021-02-22 13:39:54 [httpLog] {"method":"GET","url":"/user/lists","data":{},"startTime":"2021-02-22 13:39:54","endTime":"2021-02-22 13:39:54","timeLength":97}
2021-02-22 13:40:29 [httpLog] {"method":"GET","url":"/user/lists","data":{},"startTime":"2021-02-22 13:40:29","endTime":"2021-02-22 13:40:29","timeLength":15}
2021-02-22 13:40:30 [httpLog] {"method":"GET","url":"/user/lists","data":{},"startTime":"2021-02-22 13:40:30","endTime":"2021-02-22 13:40:30","timeLength":4}
2021-02-22 13:40:51 [httpLog] {"method":"GET","url":"/user/lists","data":{},"startTime":"2021-02-22 13:40:51","endTime":"2021-02-22 13:40:51","timeLength":10}
2021-02-22 13:40:52 [httpLog] {"method":"GET","url":"/user/lists","data":{},"startTime":"2021-02-22 13:40:52","endTime":"2021-02-22 13:40:52","timeLength":3}
2021-02-22 13:40:52 [httpLog] {"method":"GET","url":"/user/lists","data":{},"startTime":"2021-02-22 13:40:52","endTime":"2021-02-22 13:40:52","timeLength":2}
2021-02-22 13:40:52 [httpLog] {"method":"GET","url":"/user/lists","data":{},"startTime":"2021-02-22 13:40:52","endTime":"2021-02-22 13:40:52","timeLength":3}
2021-02-22 13:40:53 [httpLog] {"method":"GET","url":"/user/lists","data":{},"startTime":"2021-02-22 13:40:53","endTime":"2021-02-22 13:40:53","timeLength":2}
2021-02-22 13:41:29 [httpLog] {"method":"GET","url":"/user/lists","data":{},"startTime":"2021-02-22 13:41:29","endTime":"2021-02-22 13:41:29","timeLength":29}
2021-02-22 13:42:09 [httpLog] {"method":"GET","url":"/user/lists","data":{},"startTime":"2021-02-22 13:42:09","endTime":"2021-02-22 13:42:09","timeLength":13}
2021-02-22 13:42:09 [httpLog] {"method":"GET","url":"/user/lists","data":{},"startTime":"2021-02-22 13:42:09","endTime":"2021-02-22 13:42:09","timeLength":7}
2021-02-22 13:42:18 [httpLog] {"method":"GET","url":"/user/lists","data":{},"startTime":"2021-02-22 13:42:18","endTime":"2021-02-22 13:42:18","timeLength":13}
2021-02-22 13:42:19 [httpLog] {"method":"GET","url":"/user/lists","data":{},"startTime":"2021-02-22 13:42:19","endTime":"2021-02-22 13:42:19","timeLength":5}
2021-02-22 13:43:17 [httpLog] {"method":"GET","url":"/user/detail?id=1","data":{},"startTime":"2021-02-22 13:43:17","endTime":"2021-02-22 13:43:17","timeLength":20}
2021-02-22 13:55:29 [httpLog] {"method":"POST","url":"/user/add","data":{"name":"user3","pwd":"123456"},"startTime":"2021-02-22 13:55:29","endTime":"2021-02-22 13:55:29","timeLength":42}
2021-02-22 13:57:49 [httpLog] {"method":"PUT","url":"/user/edit","data":{"id":1,"name":"user1","pwd":"lij12inhai123"},"startTime":"2021-02-22 13:57:49","endTime":"2021-02-22 13:57:49","timeLength":17}
2021-02-22 13:58:05 [httpLog] {"method":"PUT","url":"/user/edit","data":{"id":11,"name":"user1","pwd":"lij12inhai123"},"startTime":"2021-02-22 13:58:05","endTime":"2021-02-22 13:58:05","timeLength":28}
2021-02-22 13:58:32 [httpLog] {"method":"GET","url":"/user/detail?id=1","data":{},"startTime":"2021-02-22 13:58:32","endTime":"2021-02-22 13:58:32","timeLength":27}
2021-02-22 13:58:35 [httpLog] {"method":"GET","url":"/user/detail","data":{},"startTime":"2021-02-22 13:58:35","endTime":"2021-02-22 13:58:35","timeLength":1}
2021-02-22 13:58:40 [httpLog] {"method":"GET","url":"/user/lists","data":{},"startTime":"2021-02-22 13:58:40","endTime":"2021-02-22 13:58:40","timeLength":6}
2021-02-22 13:58:57 [httpLog] {"method":"GET","url":"/user/lists","data":{},"startTime":"2021-02-22 13:58:57","endTime":"2021-02-22 13:58:57","timeLength":13}
2021-02-22 13:58:58 [httpLog] {"method":"GET","url":"/user/lists","data":{},"startTime":"2021-02-22 13:58:58","endTime":"2021-02-22 13:58:58","timeLength":12}
2021-02-22 13:59:39 [httpLog] {"method":"DELETE","url":"/user/del","data":{},"startTime":"2021-02-22 13:59:39","endTime":"2021-02-22 13:59:39","timeLength":3}
2021-02-22 13:59:44 [httpLog] {"method":"DELETE","url":"/user/del","data":{},"startTime":"2021-02-22 13:59:44","endTime":"2021-02-22 13:59:44","timeLength":2}
2021-02-22 13:59:50 [httpLog] {"method":"GET","url":"/user/lists","data":{},"startTime":"2021-02-22 13:59:50","endTime":"2021-02-22 13:59:50","timeLength":16}
2021-02-22 13:59:59 [httpLog] {"method":"DELETE","url":"/user/del","data":{},"startTime":"2021-02-22 13:59:59","endTime":"2021-02-22 13:59:59","timeLength":3}
